Using pre-set license
Built from '2020.3/staging' branch; Version is '2020.3.10f1 (297d780c91bc) revision 2719096'; Using compiler version '192528614'; Build Type 'Release'
OS: 'Windows 10 Home; OS build 18362.900; Version 1903; 64bit' Language: 'en' Physical Memory: 16309 MB
BatchMode: 1, IsHumanControllingUs: 0, StartBugReporterOnCrash: 0, Is64bit: 1, IsPro: 0

 COMMAND LINE ARGUMENTS:
C:\Program Files\Unity\Hub\Editor\2020.3.10f1\Editor\Unity.exe
-adb2
-batchMode
-noUpm
-name
AssetImportWorker0
-projectPath
D:/Git/PRCompanion/Pokerole Companion
-logFile
Logs/AssetImportWorker0.log
-srvPort
58028
Successfully changed project path to: D:/Git/PRCompanion/Pokerole Companion
D:/Git/PRCompanion/Pokerole Companion
Using Asset Import Pipeline V2.
Refreshing native plugins compatible for Editor in 66.99 ms, found 2 plugins.
Preloading 0 native plugins for Editor in 0.00 ms.
Initialize engine version: 2020.3.10f1 (297d780c91bc)
[Subsystems] Discovering subsystems at path C:/Program Files/Unity/Hub/Editor/2020.3.10f1/Editor/Data/Resources/UnitySubsystems
[Subsystems] Discovering subsystems at path D:/Git/PRCompanion/Pokerole Companion/Assets
GfxDevice: creating device client; threaded=0
Direct3D:
    Version:  Direct3D 11.0 [level 11.1]
    Renderer: NVIDIA GeForce GTX 1660 Ti (ID=0x2182)
    Vendor:   
    VRAM:     5991 MB
    Driver:   27.21.14.6109
Initialize mono
Mono path[0] = 'C:/Program Files/Unity/Hub/Editor/2020.3.10f1/Editor/Data/Managed'
Mono path[1] = 'C:/Program Files/Unity/Hub/Editor/2020.3.10f1/Editor/Data/MonoBleedingEdge/lib/mono/unityjit'
Mono config path = 'C:/Program Files/Unity/Hub/Editor/2020.3.10f1/Editor/Data/MonoBleedingEdge/etc'
Using monoOptions --debugger-agent=transport=dt_socket,embedding=1,server=y,suspend=n,address=127.0.0.1:56020
Begin MonoManager ReloadAssembly
Registering precompiled unity dll's ...
Register platform support module: C:/Program Files/Unity/Hub/Editor/2020.3.10f1/Editor/Data/PlaybackEngines/WindowsStandaloneSupport/UnityEditor.WindowsStandalone.Extensions.dll
Registered in 0.001767 seconds.
Native extension for WindowsStandalone target not found
Refreshing native plugins compatible for Editor in 63.65 ms, found 2 plugins.
Preloading 0 native plugins for Editor in 0.00 ms.
Mono: successfully reloaded assembly
- Completed reload, in  1.107 seconds
Platform modules already initialized, skipping
Registering precompiled user dll's ...
Registered in 0.003406 seconds.
Begin MonoManager ReloadAssembly
Native extension for WindowsStandalone target not found
Refreshing native plugins compatible for Editor in 0.71 ms, found 2 plugins.
Preloading 0 native plugins for Editor in 0.00 ms.
Mono: successfully reloaded assembly
- Completed reload, in  1.049 seconds
Platform modules already initialized, skipping
========================================================================
Worker process is ready to serve import requests
Launched and connected shader compiler UnityShaderCompiler.exe after 0.04 seconds
Refreshing native plugins compatible for Editor in 0.62 ms, found 2 plugins.
Preloading 0 native plugins for Editor in 0.00 ms.
Unloading 1572 Unused Serialized files (Serialized files now loaded: 0)
System memory in use before: 75.2 MB.
System memory in use after: 75.3 MB.

Unloading 22 unused Assets to reduce memory usage. Loaded Objects now: 2010.
Total: 1.925800 ms (FindLiveObjects: 0.155600 ms CreateObjectMapping: 0.036500 ms MarkObjects: 1.653200 ms  DeleteObjects: 0.079400 ms)

========================================================================
Received Import Request.
  path: Assets/Resources/Images/Ranks
  artifactKey: Guid(fa13115cdc6bda341bace56cced0730a) Importer(815301076,1909f56bfc062723c751e8b465ee728b)
Start importing Assets/Resources/Images/Ranks using Guid(fa13115cdc6bda341bace56cced0730a) Importer(815301076,1909f56bfc062723c751e8b465ee728b)  -> (artifact id: 'd20a3bacd22024cd705a66fe34b038ce') in 0.003755 seconds
  Import took 0.006208 seconds .

========================================================================
Received Import Request.
  Time since last request: 0.000275 seconds.
  path: Assets/Resources/Images/Types
  artifactKey: Guid(c0dd552ef66c7c140a5122eaa3ace4f5) Importer(815301076,1909f56bfc062723c751e8b465ee728b)
Start importing Assets/Resources/Images/Types using Guid(c0dd552ef66c7c140a5122eaa3ace4f5) Importer(815301076,1909f56bfc062723c751e8b465ee728b)  -> (artifact id: '8cd4ec55db005bd96647b2e9c35d4351') in 0.001153 seconds
  Import took 0.003423 seconds .

========================================================================
Received Import Request.
  Time since last request: 9.292867 seconds.
  path: Assets/Resources/Images/Types/Minis
  artifactKey: Guid(49d1773c51a860e4aba5a887dc64f3aa) Importer(815301076,1909f56bfc062723c751e8b465ee728b)
Start importing Assets/Resources/Images/Types/Minis using Guid(49d1773c51a860e4aba5a887dc64f3aa) Importer(815301076,1909f56bfc062723c751e8b465ee728b)  -> (artifact id: 'b88d16162db74421f8b19d15ff9a1f1f') in 0.001291 seconds
  Import took 0.108487 seconds .

========================================================================
Received Import Request.
  Time since last request: 7.240995 seconds.
  path: Assets/Resources/Images/Evolution
  artifactKey: Guid(ad1eb6429070df24d8a56be93acba167) Importer(815301076,1909f56bfc062723c751e8b465ee728b)
Start importing Assets/Resources/Images/Evolution using Guid(ad1eb6429070df24d8a56be93acba167) Importer(815301076,1909f56bfc062723c751e8b465ee728b)  -> (artifact id: 'bbfe96fd08bfef29cb3a31aa6de9a8f2') in 0.001353 seconds
  Import took 0.154301 seconds .

========================================================================
Received Import Request.
  Time since last request: 2751.798124 seconds.
  path: Assets/Resources/Images/Portraits
  artifactKey: Guid(46fbee1b570a36949af8b226ebb9336a) Importer(815301076,1909f56bfc062723c751e8b465ee728b)
Start importing Assets/Resources/Images/Portraits using Guid(46fbee1b570a36949af8b226ebb9336a) Importer(815301076,1909f56bfc062723c751e8b465ee728b)  -> (artifact id: 'eedbfddfb175d98c5220ec070b6954b1') in 0.001604 seconds
  Import took 0.007771 seconds .

AssetImportWorkerClient::OnTransportError - code=2 error=End of file
