
=== Sun Aug  9 00:04:47 2020

Packages were changed.
Update Mode: mergeDefaultDependencies

The following packages were added:
  com.unity.package-manager-ui@2.2.0
  com.unity.ext.nunit@1.0.0
  com.unity.test-framework@1.0.13
  com.unity.ide.vscode@1.1.0
  com.unity.ide.rider@1.1.0
  com.unity.ugui@1.0.0
  com.unity.modules.androidjni@1.0.0
The following packages were updated:
  com.unity.collab-proxy from version 1.2.9 to 1.2.16
  com.unity.textmeshpro from version 2.0.0 to 2.0.1
  com.unity.timeline from version 0.0.0-builtin to 1.1.0

=== Sat Mar 20 23:15:32 2021

Packages were changed.
Update Mode: updateDependencies

The following packages were added:
  com.unity.ide.visualstudio@2.0.3
The following packages were updated:
  com.unity.collab-proxy from version 1.2.16 to 1.3.9
  com.unity.ide.rider from version 1.1.0 to 1.2.1
  com.unity.ide.vscode from version 1.1.0 to 1.2.2
  com.unity.test-framework from version 1.0.13 to 1.1.18
  com.unity.textmeshpro from version 2.0.1 to 3.0.1
  com.unity.timeline from version 1.1.0 to 1.2.6
The following packages were removed:
  com.unity.package-manager-ui@2.2.0

=== Mon Apr  5 18:05:22 2021

Packages were changed.
Update Mode: updateDependencies

The following packages were updated:
  com.unity.ext.nunit from version 1.0.0 to 1.0.6
  com.unity.ide.rider from version 1.2.1 to 2.0.7
  com.unity.ide.visualstudio from version 2.0.3 to 2.0.7
  com.unity.ide.vscode from version 1.2.2 to 1.2.3
  com.unity.test-framework from version 1.1.18 to 1.1.24
  com.unity.timeline from version 1.2.6 to 1.4.6

=== Sat Apr 17 01:48:54 2021

Packages were changed.
Update Mode: updateDependencies

The following packages were updated:
  com.unity.timeline from version 1.4.6 to 1.4.7

=== Fri May 28 19:50:37 2021

Packages were changed.
Update Mode: updateDependencies

The following packages were updated:
  com.unity.collab-proxy from version 1.3.9 to 1.5.7
  com.unity.ide.visualstudio from version 2.0.7 to 2.0.8
  com.unity.textmeshpro from version 3.0.4 to 3.0.6
  com.unity.timeline from version 1.4.7 to 1.4.8

=== Wed Jul 21 20:26:00 2021

Packages were changed.
Update Mode: updateDependencies

The following packages were updated:
  com.unity.ide.visualstudio from version 2.0.8 to 2.0.9
  com.unity.test-framework from version 1.1.24 to 1.1.26
